<?xml version="1.0" encoding="UTF-8"?>
<testsuite name="org.springframework.context.index.processor.PropertiesMarshallerTests" tests="2" skipped="0" failures="0" errors="0" timestamp="2023-02-21T07:51:33" hostname="yao" time="0.02">
  <properties/>
  <testcase name="readWrite()" classname="org.springframework.context.index.processor.PropertiesMarshallerTests" time="0.001"/>
  <testcase name="metadataIsWrittenDeterministically()" classname="org.springframework.context.index.processor.PropertiesMarshallerTests" time="0.019"/>
  <system-out><![CDATA[]]></system-out>
  <system-err><![CDATA[]]></system-err>
</testsuite>
