<?xml version="1.0" encoding="UTF-8"?>
<testsuite name="org.springframework.oxm.xstream.XStreamUnmarshallerTests" tests="4" skipped="0" failures="0" errors="0" timestamp="2023-02-21T07:51:34" hostname="yao" time="0.015">
  <properties/>
  <testcase name="unmarshalStreamSourceReader()" classname="org.springframework.oxm.xstream.XStreamUnmarshallerTests" time="0.002"/>
  <testcase name="unmarshalStaxSourceXmlStreamReader()" classname="org.springframework.oxm.xstream.XStreamUnmarshallerTests" time="0.004"/>
  <testcase name="unmarshalStreamSourceInputStream()" classname="org.springframework.oxm.xstream.XStreamUnmarshallerTests" time="0.003"/>
  <testcase name="unmarshalDomSource()" classname="org.springframework.oxm.xstream.XStreamUnmarshallerTests" time="0.005"/>
  <system-out><![CDATA[]]></system-out>
  <system-err><![CDATA[]]></system-err>
</testsuite>
