<?xml version="1.0" encoding="UTF-8"?>
<testsuite name="org.springframework.aop.aspectj.autoproxy.AspectJNamespaceHandlerTests" tests="4" skipped="0" failures="0" errors="0" timestamp="2023-02-21T07:51:34" hostname="yao" time="0.027">
  <properties/>
  <testcase name="testRegisterAutoProxyCreatorWhenAspectJAutoProxyCreatorAlreadyExists()" classname="org.springframework.aop.aspectj.autoproxy.AspectJNamespaceHandlerTests" time="0.026"/>
  <testcase name="testRegisterAspectJAutoProxyCreatorWithExistingAutoProxyCreator()" classname="org.springframework.aop.aspectj.autoproxy.AspectJNamespaceHandlerTests" time="0.0"/>
  <testcase name="testRegisterAspectJAutoProxyCreator()" classname="org.springframework.aop.aspectj.autoproxy.AspectJNamespaceHandlerTests" time="0.0"/>
  <testcase name="testRegisterAutoProxyCreator()" classname="org.springframework.aop.aspectj.autoproxy.AspectJNamespaceHandlerTests" time="0.0"/>
  <system-out><![CDATA[]]></system-out>
  <system-err><![CDATA[]]></system-err>
</testsuite>
