<?xml version="1.0" encoding="UTF-8"?>
<testsuite name="org.springframework.aop.target.HotSwappableTargetSourceTests" tests="4" skipped="0" failures="0" errors="0" timestamp="2023-02-21T07:51:36" hostname="yao" time="0.029">
  <properties/>
  <testcase name="testRejectsSwapToNull()" classname="org.springframework.aop.target.HotSwappableTargetSourceTests" time="0.015"/>
  <testcase name="testBasicFunctionality()" classname="org.springframework.aop.target.HotSwappableTargetSourceTests" time="0.004"/>
  <testcase name="testSerialization()" classname="org.springframework.aop.target.HotSwappableTargetSourceTests" time="0.005"/>
  <testcase name="testValidSwaps()" classname="org.springframework.aop.target.HotSwappableTargetSourceTests" time="0.005"/>
  <system-out><![CDATA[]]></system-out>
  <system-err><![CDATA[]]></system-err>
</testsuite>
