<?xml version="1.0" encoding="UTF-8"?>
<testsuite name="org.springframework.aop.support.ClassUtilsTests" tests="1" skipped="0" failures="0" errors="0" timestamp="2023-02-21T07:51:36" hostname="yao" time="0.0">
  <properties/>
  <testcase name="getShortNameForCglibClass()" classname="org.springframework.aop.support.ClassUtilsTests" time="0.0"/>
  <system-out><![CDATA[]]></system-out>
  <system-err><![CDATA[]]></system-err>
</testsuite>
