<?xml version="1.0" encoding="UTF-8"?>
<testsuite name="org.springframework.aop.target.LazyInitTargetSourceTests" tests="3" skipped="0" failures="0" errors="0" timestamp="2023-02-21T07:51:36" hostname="yao" time="0.022">
  <properties/>
  <testcase name="testLazyInitFactoryBeanTargetSource()" classname="org.springframework.aop.target.LazyInitTargetSourceTests" time="0.014"/>
  <testcase name="testCustomLazyInitSingletonTargetSource()" classname="org.springframework.aop.target.LazyInitTargetSourceTests" time="0.004"/>
  <testcase name="testLazyInitSingletonTargetSource()" classname="org.springframework.aop.target.LazyInitTargetSourceTests" time="0.003"/>
  <system-out><![CDATA[]]></system-out>
  <system-err><![CDATA[]]></system-err>
</testsuite>
