<?xml version="1.0" encoding="UTF-8"?>
<testsuite name="org.springframework.aop.framework.IntroductionBenchmarkTests" tests="1" skipped="0" failures="0" errors="0" timestamp="2023-02-21T07:51:35" hostname="yao" time="0.108">
  <properties/>
  <testcase name="timeManyInvocations()" classname="org.springframework.aop.framework.IntroductionBenchmarkTests" time="0.108"/>
  <system-out><![CDATA[StopWatch '': running time = 102734100 ns
---------------------------------------------
ns         %     Task name
---------------------------------------------
041276500  040%  100000 invocations on proxy, not hitting introduction
060898000  059%  100000 invocations on proxy, hitting introduction
000559600  001%  100000 invocations on target

]]></system-out>
  <system-err><![CDATA[]]></system-err>
</testsuite>
