<?xml version="1.0" encoding="UTF-8"?>
<testsuite name="org.springframework.aop.interceptor.ConcurrencyThrottleInterceptorTests" tests="3" skipped="0" failures="0" errors="0" timestamp="2023-02-21T07:51:35" hostname="yao" time="0.166">
  <properties/>
  <testcase name="testMultipleThreadsWithLimit1()" classname="org.springframework.aop.interceptor.ConcurrencyThrottleInterceptorTests" time="0.092"/>
  <testcase name="testMultipleThreadsWithLimit10()" classname="org.springframework.aop.interceptor.ConcurrencyThrottleInterceptorTests" time="0.068"/>
  <testcase name="testSerializable()" classname="org.springframework.aop.interceptor.ConcurrencyThrottleInterceptorTests" time="0.005"/>
  <system-out><![CDATA[]]></system-out>
  <system-err><![CDATA[]]></system-err>
</testsuite>
